2026-03-12 20:27:08, MOVE, v:1, k:ed@pintando, mode:DOWN
2026-03-12 20:27:09, MOVE, v:1, k:ed@pintando, mode:PICK
2026-03-12 20:47:32, EXEC, v:1, k:ed@pintando, mode:FULL, rate:0, size:18
2026-03-12 20:47:37, EXEC, v:1, k:ed@pintando, mode:FREE
2026-03-12 20:51:03, EXEC, v:1, k:ed@pintando, mode:FREE, size:16
2026-03-12 20:51:50, EXEC, v:1, k:ed@pintando, mode:FREE, size:16
2026-03-12 20:51:59, EXEC, v:1, k:ed@pintando, mode:FULL, rate:0
2026-03-12 20:53:07, MOVE, v:1, k:ed@pintando, mode:BACK
2026-03-12 20:54:12, SELF, v:1, k:ed@pintando, self:1, study:30, friend:nao
2026-03-12 20:54:31, MOVE, v:1, k:ed@mumia, mode:DOWN
2026-03-12 20:54:32, MOVE, v:1, k:ed@mumia, mode:PICK
2026-03-12 21:11:16, MOVE, v:1, k:ed@mumia, mode:BACK
2026-03-12 21:13:21, MOVE, v:1, k:ed@mumia, mode:PICK
2026-03-12 21:13:46, EXEC, v:1, k:ed@mumia, mode:FREE, size:27
2026-03-12 21:14:58, EXEC, v:1, k:ed@mumia, mode:FULL, rate:0, size:27
2026-03-12 21:17:32, EXEC, v:1, k:ed@mumia, mode:FREE, size:27
2026-03-12 21:18:29, EXEC, v:1, k:ed@mumia, mode:FULL, rate:55, size:27
2026-03-12 21:19:06, EXEC, v:1, k:ed@mumia, mode:FULL, rate:77, size:27
2026-03-12 21:19:53, EXEC, v:1, k:ed@mumia, mode:FULL, rate:77, size:27
2026-03-12 21:20:58, EXEC, v:1, k:ed@mumia, mode:FULL, rate:88, size:27
2026-03-12 21:21:09, EXEC, v:1, k:ed@mumia, mode:FULL, rate:100, size:27
2026-03-12 22:04:02, MOVE, v:1, k:ed@mumia, mode:PICK
2026-03-12 22:04:09, EXEC, v:1, k:ed@mumia, mode:FULL, rate:100
2026-03-12 22:50:29, MOVE, v:1, k:ed@mumia, mode:PICK
2026-03-12 22:50:32, EXEC, v:1, k:ed@mumia, mode:FULL, rate:100
2026-03-12 22:53:35, EXEC, v:1, k:ed@mumia, mode:FULL, rate:100
