2026-04-28 00:02:53, MOVE, v:1, k:ed@multiset, mode:EDIT
2026-04-28 00:08:01, MOVE, v:1, k:ed@multiset, mode:EDIT
2026-04-28 00:12:38, EXEC, v:1, k:ed@multiset, mode:FULL, rate:16, size:129
2026-04-28 00:12:36, MOVE, v:1, k:ed@multiset, mode:EDIT
2026-04-28 00:12:38, MOVE, v:1, k:ed@multiset, mode:EDIT
2026-04-28 00:15:27, MOVE, v:1, k:ed@multiset, mode:EDIT
2026-04-28 00:23:05, MOVE, v:1, k:ed@multiset, mode:EDIT
2026-04-28 00:24:13, EXEC, v:1, k:ed@multiset, mode:FULL, rate:16, size:140
2026-04-28 00:24:29, EXEC, v:1, k:ed@multiset, mode:FULL, rate:16
2026-04-28 00:26:36, EXEC, v:1, k:ed@multiset, mode:FULL, rate:16, size:140
2026-04-28 00:26:32, MOVE, v:1, k:ed@multiset, mode:EDIT
2026-04-28 00:26:36, MOVE, v:1, k:ed@multiset, mode:EDIT
2026-04-28 00:35:57, EXEC, v:1, k:ed@multiset, mode:FULL, rate:33, size:144
2026-04-28 00:35:53, MOVE, v:1, k:ed@multiset, mode:EDIT
2026-04-28 00:35:57, MOVE, v:1, k:ed@multiset, mode:EDIT
2026-04-28 01:00:28, MOVE, v:1, k:ed@multiset, mode:EDIT
2026-04-28 01:08:03, MOVE, v:1, k:ed@multiset, mode:EDIT
2026-04-28 01:09:55, MOVE, v:1, k:ed@multiset, mode:EDIT
2026-04-28 01:16:23, MOVE, v:1, k:ed@multiset, mode:EDIT
2026-04-28 01:18:31, EXEC, v:1, k:ed@multiset, mode:FULL, rate:33, size:175
2026-04-28 01:19:23, EXEC, v:1, k:ed@multiset, mode:FULL, rate:33, size:175
2026-04-28 01:22:39, EXEC, v:1, k:ed@multiset, mode:FULL, rate:33, size:175
2026-04-28 01:22:15, MOVE, v:1, k:ed@multiset, mode:EDIT
2026-04-28 01:22:39, MOVE, v:1, k:ed@multiset, mode:EDIT
2026-04-28 01:24:09, EXEC, v:1, k:ed@multiset, mode:FULL, rate:33, size:179
2026-04-28 01:24:52, EXEC, v:1, k:ed@multiset, mode:FULL, rate:33, size:177
2026-04-28 01:25:46, EXEC, v:1, k:ed@multiset, mode:FULL, rate:33, size:175
2026-04-28 01:27:33, EXEC, v:1, k:ed@multiset, mode:FULL, rate:50, size:177
2026-04-28 01:28:02, MOVE, v:1, k:ed@multiset, mode:EDIT
2026-04-28 01:27:32, MOVE, v:1, k:ed@multiset, mode:EDIT
2026-04-28 01:32:10, EXEC, v:1, k:ed@multiset, mode:FULL, rate:66, size:189
2026-04-28 01:32:58, MOVE, v:1, k:ed@multiset, mode:EDIT
2026-04-28 01:32:10, MOVE, v:1, k:ed@multiset, mode:EDIT
2026-04-28 01:36:10, EXEC, v:1, k:ed@multiset, mode:FULL, rate:66, size:204
2026-04-28 01:37:13, EXEC, v:1, k:ed@multiset, mode:FULL, rate:83, size:205
2026-04-28 01:37:23, MOVE, v:1, k:ed@multiset, mode:EDIT
2026-04-28 01:37:13, MOVE, v:1, k:ed@multiset, mode:EDIT
2026-04-28 01:42:53, MOVE, v:1, k:ed@multiset, mode:EDIT
2026-04-28 01:48:06, MOVE, v:1, k:ed@multiset, mode:EDIT
2026-04-28 01:52:56, EXEC, v:1, k:ed@multiset, mode:FULL, rate:100, size:227
2026-04-28 01:52:50, MOVE, v:1, k:ed@multiset, mode:EDIT
2026-04-28 01:52:56, MOVE, v:1, k:ed@multiset, mode:EDIT
2026-04-28 01:53:14, MOVE, v:1, k:ed@multiset, mode:BACK
2026-04-28 01:53:39, MOVE, v:1, k:ed@multiset, mode:PICK
2026-04-28 01:53:40, EXEC, v:1, k:ed@multiset, mode:FULL, rate:100
2026-04-28 01:53:58, MOVE, v:1, k:ed@multiset, mode:BACK
2026-04-28 01:54:35, SELF, v:1, k:ed@multiset, self:1, rate:100, study:140, concept:1, problem:1, code:1
2026-04-28 13:28:17, MOVE, v:1, k:ed@controlz, mode:DOWN
2026-04-28 13:28:17, MOVE, v:1, k:ed@controlz, mode:PICK
2026-04-28 13:28:21, EXEC, v:1, k:ed@controlz, mode:FULL, rate:0, size:5
2026-04-28 13:28:38, MOVE, v:1, k:ed@controlz, mode:BACK
2026-04-28 13:28:17, MOVE, v:1, k:ed@controlz, mode:EDIT
2026-04-28 13:28:17, MOVE, v:1, k:ed@controlz, mode:EDIT
2026-04-28 13:28:20, MOVE, v:1, k:ed@controlz, mode:EDIT
