2026-05-03 13:47:16, MOVE, v:1, k:ed@lista_d2, mode:DOWN
2026-05-03 13:47:16, MOVE, v:1, k:ed@lista_d2, mode:EDIT
2026-05-03 13:47:16, MOVE, v:1, k:ed@lista_d2, mode:EDIT
2026-05-03 13:47:16, MOVE, v:1, k:ed@lista_d2, mode:EDIT
2026-05-03 13:52:08, MOVE, v:1, k:ed@lista_d2, mode:EDIT
2026-05-03 13:56:15, MOVE, v:1, k:ed@lista_d2, mode:EDIT
2026-05-03 14:07:12, MOVE, v:1, k:ed@lista_d2, mode:EDIT
2026-05-03 14:11:49, MOVE, v:1, k:ed@lista_d2, mode:EDIT
2026-05-03 14:17:10, MOVE, v:1, k:ed@lista_d2, mode:EDIT
2026-05-03 14:21:45, MOVE, v:1, k:ed@lista_d2, mode:PICK
2026-05-03 14:21:48, EXEC, v:1, k:ed@lista_d2, mode:FULL, rate:0, size:167
2026-05-03 14:21:45, MOVE, v:1, k:ed@lista_d2, mode:EDIT
2026-05-03 14:21:48, MOVE, v:1, k:ed@lista_d2, mode:EDIT
2026-05-03 14:27:10, MOVE, v:1, k:ed@lista_d2, mode:EDIT
2026-05-03 14:29:54, EXEC, v:1, k:ed@lista_d2, mode:FULL, rate:0, size:195
2026-05-03 14:31:52, MOVE, v:1, k:ed@lista_d2, mode:EDIT
2026-05-03 14:29:52, MOVE, v:1, k:ed@lista_d2, mode:EDIT
2026-05-03 14:32:28, EXEC, v:1, k:ed@lista_d2, mode:FULL, rate:0, size:195
2026-05-03 14:33:47, EXEC, v:1, k:ed@lista_d2, mode:FULL, rate:20, size:195
2026-05-03 14:37:00, EXEC, v:1, k:ed@lista_d2, mode:FULL, size:203, fail:COMP
2026-05-03 14:33:47, MOVE, v:1, k:ed@lista_d2, mode:EDIT
2026-05-03 14:36:57, MOVE, v:1, k:ed@lista_d2, mode:EDIT
2026-05-03 14:38:48, EXEC, v:1, k:ed@lista_d2, mode:FULL, size:203, fail:COMP
2026-05-03 14:39:04, EXEC, v:1, k:ed@lista_d2, mode:FULL, rate:40, size:203
2026-05-03 14:41:59, EXEC, v:1, k:ed@lista_d2, mode:FULL, rate:60, size:213
2026-05-03 14:41:56, MOVE, v:1, k:ed@lista_d2, mode:EDIT
2026-05-03 14:41:59, MOVE, v:1, k:ed@lista_d2, mode:EDIT
2026-05-03 14:46:15, EXEC, v:1, k:ed@lista_d2, mode:FULL, rate:80, size:231
2026-05-03 14:46:51, MOVE, v:1, k:ed@lista_d2, mode:EDIT
2026-05-03 14:46:15, MOVE, v:1, k:ed@lista_d2, mode:EDIT
2026-05-03 14:52:15, MOVE, v:1, k:ed@lista_d2, mode:EDIT
2026-05-03 14:56:44, EXEC, v:1, k:ed@lista_d2, mode:FULL, rate:100, size:277
2026-05-03 14:56:54, MOVE, v:1, k:ed@lista_d2, mode:BACK
2026-05-03 14:58:29, SELF, v:1, k:ed@lista_d2, self:1, rate:100, study:70, problem:1
2026-05-03 14:58:43, MOVE, v:1, k:ed@lista_d4, mode:DOWN
2026-05-03 14:58:43, MOVE, v:1, k:ed@lista_d4, mode:EDIT
2026-05-03 14:58:43, MOVE, v:1, k:ed@lista_d4, mode:EDIT
2026-05-03 14:58:43, MOVE, v:1, k:ed@lista_d4, mode:EDIT
2026-05-03 14:58:43, MOVE, v:1, k:ed@lista_d4, mode:EDIT
2026-05-03 15:53:30, MOVE, v:1, k:ed@lista_d4, mode:PICK
2026-05-03 15:53:32, EXEC, v:1, k:ed@lista_d4, mode:FULL, rate:0, size:124
2026-05-03 15:54:16, EXEC, v:1, k:ed@lista_d4, mode:FULL, rate:0, size:125
2026-05-03 15:54:16, MOVE, v:1, k:ed@lista_d4, mode:EDIT
2026-05-03 15:58:13, MOVE, v:1, k:ed@lista_d4, mode:EDIT
2026-05-03 16:03:25, MOVE, v:1, k:ed@lista_d4, mode:EDIT
2026-05-03 16:07:26, EXEC, v:1, k:ed@lista_d4, mode:FULL, rate:66, size:159
2026-05-03 16:08:11, MOVE, v:1, k:ed@lista_d4, mode:EDIT
2026-05-03 16:07:26, MOVE, v:1, k:ed@lista_d4, mode:EDIT
2026-05-03 16:09:10, EXEC, v:1, k:ed@lista_d4, mode:FULL, rate:66, size:163
2026-05-03 16:10:21, EXEC, v:1, k:ed@lista_d4, mode:FULL, rate:66, size:169
2026-05-03 16:11:17, EXEC, v:1, k:ed@lista_d4, mode:FULL, rate:100, size:169
2026-05-03 16:11:24, MOVE, v:1, k:ed@lista_d4, mode:BACK
2026-05-03 16:12:33, SELF, v:1, k:ed@lista_d4, self:1, rate:100, study:72
