2026-04-25 21:12:02, MOVE, v:1, k:ed@vetbuild, mode:PICK
2026-04-25 21:12:05, EXEC, v:1, k:ed@vetbuild, mode:FULL, rate:18
2026-04-25 21:12:05, MOVE, v:1, k:ed@vetbuild, mode:EDIT
2026-04-25 21:15:45, MOVE, v:1, k:ed@vetbuild, mode:EDIT
2026-04-25 21:17:33, MOVE, v:1, k:ed@vetbuild, mode:EDIT
2026-04-25 21:26:29, MOVE, v:1, k:ed@vetbuild, mode:EDIT
2026-04-25 21:31:20, MOVE, v:1, k:ed@vetbuild, mode:EDIT
2026-04-25 21:35:58, MOVE, v:1, k:ed@vetbuild, mode:EDIT
2026-04-25 21:38:41, MOVE, v:1, k:ed@vetbuild, mode:EDIT
2026-04-25 21:43:46, MOVE, v:1, k:ed@vetbuild, mode:EDIT
2026-04-25 21:51:41, MOVE, v:1, k:ed@vetbuild, mode:EDIT
2026-04-25 21:53:23, EXEC, v:1, k:ed@vetbuild, mode:FULL, rate:9, size:162
2026-04-25 21:53:59, EXEC, v:1, k:ed@vetbuild, mode:FULL, rate:9
2026-04-25 21:54:00, MOVE, v:1, k:ed@vetbuild, mode:EDIT
2026-04-25 21:53:59, MOVE, v:1, k:ed@vetbuild, mode:EDIT
2026-04-25 22:00:14, EXEC, v:1, k:ed@vetbuild, mode:FULL, rate:18, size:161
2026-04-25 21:59:54, MOVE, v:1, k:ed@vetbuild, mode:EDIT
2026-04-25 22:00:13, MOVE, v:1, k:ed@vetbuild, mode:EDIT
2026-04-25 22:03:49, MOVE, v:1, k:ed@vetbuild, mode:EDIT
2026-04-25 22:09:03, MOVE, v:1, k:ed@vetbuild, mode:EDIT
2026-04-25 22:25:45, MOVE, v:1, k:ed@vetbuild, mode:EDIT
2026-04-25 22:31:22, MOVE, v:1, k:ed@vetbuild, mode:EDIT
2026-04-25 22:51:13, EXEC, v:1, k:ed@vetbuild, mode:FULL, size:169, fail:COMP
2026-04-25 22:51:48, EXEC, v:1, k:ed@vetbuild, mode:FULL, fail:COMP
