2026-04-27 00:01:37, MOVE, v:1, k:ed@vetbuild, mode:EDIT
2026-04-27 00:02:02, EXEC, v:1, k:ed@vetbuild, mode:FULL, size:203, fail:COMP
2026-04-27 00:03:53, EXEC, v:1, k:ed@vetbuild, mode:FULL, rate:45, size:205
2026-04-27 00:03:52, MOVE, v:1, k:ed@vetbuild, mode:EDIT
2026-04-27 00:03:53, MOVE, v:1, k:ed@vetbuild, mode:EDIT
2026-04-27 00:08:33, EXEC, v:1, k:ed@vetbuild, mode:FULL, rate:54, size:201
2026-04-27 00:11:34, MOVE, v:1, k:ed@vetbuild, mode:EDIT
2026-04-27 00:08:32, MOVE, v:1, k:ed@vetbuild, mode:EDIT
2026-04-27 00:16:41, MOVE, v:1, k:ed@vetbuild, mode:EDIT
2026-04-27 00:21:19, EXEC, v:1, k:ed@vetbuild, mode:FULL, rate:54, size:230
2026-04-27 00:21:07, MOVE, v:1, k:ed@vetbuild, mode:EDIT
2026-04-27 00:21:19, MOVE, v:1, k:ed@vetbuild, mode:EDIT
2026-04-27 00:26:40, EXEC, v:1, k:ed@vetbuild, mode:FULL, rate:54, size:234
2026-04-27 00:26:21, MOVE, v:1, k:ed@vetbuild, mode:EDIT
2026-04-27 00:26:39, MOVE, v:1, k:ed@vetbuild, mode:EDIT
2026-04-27 00:28:24, EXEC, v:1, k:ed@vetbuild, mode:FULL, rate:72, size:231
2026-04-27 00:28:55, MOVE, v:1, k:ed@vetbuild, mode:EDIT
2026-04-27 00:28:24, MOVE, v:1, k:ed@vetbuild, mode:EDIT
2026-04-27 00:33:23, EXEC, v:1, k:ed@vetbuild, mode:FULL, rate:81, size:244
2026-04-27 00:36:44, MOVE, v:1, k:ed@vetbuild, mode:EDIT
2026-04-27 00:33:23, MOVE, v:1, k:ed@vetbuild, mode:EDIT
2026-04-27 00:38:01, EXEC, v:1, k:ed@vetbuild, mode:FREE, size:257
2026-04-27 00:38:55, MOVE, v:1, k:ed@vetbuild, mode:PICK
2026-04-27 00:38:57, EXEC, v:1, k:ed@vetbuild, mode:FULL, rate:90
2026-04-27 00:38:57, MOVE, v:1, k:ed@vetbuild, mode:EDIT
2026-04-27 00:43:52, MOVE, v:1, k:ed@vetbuild, mode:EDIT
2026-04-27 00:48:48, MOVE, v:1, k:ed@vetbuild, mode:EDIT
2026-04-27 00:49:14, EXEC, v:1, k:ed@vetbuild, mode:FULL, rate:100, size:292
2026-04-27 00:51:42, MOVE, v:1, k:ed@vetbuild, mode:BACK
2026-04-27 00:52:52, SELF, v:1, k:ed@vetbuild, self:1, rate:100, study:180, guided:1, concept:1, code:1
2026-04-27 00:53:17, MOVE, v:1, k:ed@setbuild, mode:DOWN
2026-04-27 00:49:08, MOVE, v:1, k:ed@vetbuild, mode:EDIT
2026-04-27 00:49:14, MOVE, v:1, k:ed@vetbuild, mode:EDIT
2026-04-27 00:53:17, MOVE, v:1, k:ed@setbuild, mode:EDIT
2026-04-27 00:53:17, MOVE, v:1, k:ed@setbuild, mode:EDIT
2026-04-27 00:53:17, MOVE, v:1, k:ed@setbuild, mode:EDIT
2026-04-27 00:53:17, MOVE, v:1, k:ed@setbuild, mode:EDIT
2026-04-27 00:57:52, MOVE, v:1, k:ed@setbuild, mode:EDIT
2026-04-27 01:03:22, MOVE, v:1, k:ed@setbuild, mode:PICK
2026-04-27 01:03:23, EXEC, v:1, k:ed@setbuild, mode:FULL, size:60, fail:COMP
2026-04-27 01:03:45, MOVE, v:1, k:ed@setbuild, mode:EDIT
2026-04-27 01:05:49, EXEC, v:1, k:ed@setbuild, mode:FULL, size:64, fail:COMP
2026-04-27 01:07:55, MOVE, v:1, k:ed@setbuild, mode:EDIT
2026-04-27 01:10:13, MOVE, v:1, k:ed@setbuild, mode:EDIT
2026-04-27 01:21:54, MOVE, v:1, k:ed@setbuild, mode:EDIT
2026-04-27 01:25:58, EXEC, v:1, k:ed@setbuild, mode:FULL, size:74, fail:COMP
2026-04-27 01:28:51, MOVE, v:1, k:ed@setbuild, mode:EDIT
2026-04-27 01:33:55, MOVE, v:1, k:ed@setbuild, mode:EDIT
2026-04-27 01:38:05, EXEC, v:1, k:ed@setbuild, mode:FULL, rate:0, size:166
2026-04-27 01:38:45, EXEC, v:1, k:ed@setbuild, mode:FULL, rate:33, size:167
2026-04-27 01:38:44, MOVE, v:1, k:ed@setbuild, mode:EDIT
2026-04-27 01:38:45, MOVE, v:1, k:ed@setbuild, mode:EDIT
2026-04-27 01:39:23, EXEC, v:1, k:ed@setbuild, mode:FULL, rate:33, size:168
2026-04-27 01:39:40, EXEC, v:1, k:ed@setbuild, mode:FULL, rate:66, size:168
2026-04-27 01:40:37, EXEC, v:1, k:ed@setbuild, mode:FULL, rate:100, size:171
2026-04-27 01:42:26, EXEC, v:1, k:ed@setbuild, mode:FULL, rate:100, size:174
2026-04-27 01:43:09, EXEC, v:1, k:ed@setbuild, mode:FULL, rate:100, size:177
2026-04-27 01:43:29, MOVE, v:1, k:ed@setbuild, mode:BACK
2026-04-27 01:43:29, MOVE, v:1, k:ed@setbuild, mode:PICK
2026-04-27 01:43:31, MOVE, v:1, k:ed@setbuild, mode:BACK
2026-04-27 01:44:09, MOVE, v:1, k:ed@setbuild, mode:EDIT
2026-04-27 02:35:55, MOVE, v:1, k:ed@setbuild, mode:PICK
2026-04-27 02:35:58, EXEC, v:1, k:ed@setbuild, mode:FULL, rate:100, size:177
2026-04-27 02:36:00, MOVE, v:1, k:ed@setbuild, mode:BACK
2026-04-27 02:36:00, MOVE, v:1, k:ed@setbuild, mode:PICK
2026-04-27 02:36:01, MOVE, v:1, k:ed@setbuild, mode:BACK
2026-04-27 02:36:15, MOVE, v:1, k:ed@setbuild, mode:PICK
2026-04-27 02:36:18, MOVE, v:1, k:ed@setbuild, mode:BACK
2026-04-27 02:36:47, SELF, v:1, k:ed@setbuild, self:1, rate:100, study:102, problem:1, code:1
2026-04-27 02:37:01, MOVE, v:1, k:ed@vetbuild, mode:PICK
2026-04-27 02:37:03, EXEC, v:1, k:ed@vetbuild, mode:FULL, rate:100
2026-04-27 02:37:04, MOVE, v:1, k:ed@vetbuild, mode:BACK
2026-04-27 02:37:21, SELF, v:1, k:ed@vetbuild, self:1, rate:100, study:180, guided:1, concept:1, code:1
2026-04-27 02:37:03, MOVE, v:1, k:ed@vetbuild, mode:EDIT
2026-04-27 23:12:25, MOVE, v:1, k:ed@bettersearch, mode:DOWN
2026-04-27 23:12:25, MOVE, v:1, k:ed@bettersearch, mode:EDIT
2026-04-27 23:12:25, MOVE, v:1, k:ed@bettersearch, mode:EDIT
2026-04-27 23:12:25, MOVE, v:1, k:ed@bettersearch, mode:EDIT
2026-04-27 23:31:10, MOVE, v:1, k:ed@bettersearch, mode:EDIT
2026-04-27 23:36:55, MOVE, v:1, k:ed@bettersearch, mode:EDIT
2026-04-27 23:42:02, MOVE, v:1, k:ed@bettersearch, mode:EDIT
2026-04-27 23:42:23, MOVE, v:1, k:ed@bettersearch, mode:PICK
2026-04-27 23:42:24, EXEC, v:1, k:ed@bettersearch, mode:FULL, rate:100, size:48
2026-04-27 23:42:55, MOVE, v:1, k:ed@bettersearch, mode:BACK
2026-04-27 23:42:56, MOVE, v:1, k:ed@bettersearch, mode:PICK
2026-04-27 23:42:57, MOVE, v:1, k:ed@bettersearch, mode:BACK
2026-04-27 23:43:42, SELF, v:1, k:ed@bettersearch, self:1, rate:100, study:50, concept:1, problem:1
2026-04-27 23:43:47, MOVE, v:1, k:ed@multiset, mode:DOWN
2026-04-27 23:44:38, MOVE, v:1, k:ed@multiset, mode:PICK
2026-04-27 23:43:47, MOVE, v:1, k:ed@multiset, mode:EDIT
2026-04-27 23:43:47, MOVE, v:1, k:ed@multiset, mode:EDIT
2026-04-27 23:43:47, MOVE, v:1, k:ed@multiset, mode:EDIT
2026-04-27 23:47:59, MOVE, v:1, k:ed@multiset, mode:EDIT
2026-04-27 23:51:59, MOVE, v:1, k:ed@multiset, mode:EDIT
2026-04-27 23:57:44, EXEC, v:1, k:ed@multiset, mode:FULL, rate:0, size:90
2026-04-27 23:57:26, MOVE, v:1, k:ed@multiset, mode:EDIT
2026-04-27 23:57:44, MOVE, v:1, k:ed@multiset, mode:EDIT
2026-04-27 23:59:06, EXEC, v:1, k:ed@multiset, mode:FULL, rate:0, size:91
2026-04-27 23:59:10, EXEC, v:1, k:ed@multiset, mode:FULL, rate:0
2026-04-27 23:59:10, MOVE, v:1, k:ed@multiset, mode:EDIT
