2026-04-14 01:40:15, SELF, v:1, k:ed@fractais_png, self:1, rate:30, study:80, concept:1, code:1
2026-04-14 01:49:00, MOVE, v:1, k:ed@fractais_png, mode:EDIT
2026-04-14 01:54:01, MOVE, v:1, k:ed@fractais_png, mode:EDIT
2026-04-14 01:57:53, MOVE, v:1, k:ed@fractais_png, mode:EDIT
2026-04-14 02:03:50, MOVE, v:1, k:ed@fractais_png, mode:EDIT
2026-04-14 02:05:46, EXEC, v:1, k:src@go, mode:FREE, size:179
2026-04-14 13:17:07, MOVE, v:1, k:eval1@baruel, mode:DOWN
2026-04-14 13:17:07, MOVE, v:1, k:eval1@baruel, mode:EDIT
2026-04-14 13:17:07, MOVE, v:1, k:eval1@baruel, mode:EDIT
2026-04-14 13:20:41, MOVE, v:1, k:eval1@baruel, mode:EDIT
2026-04-14 13:26:39, MOVE, v:1, k:eval1@baruel, mode:EDIT
2026-04-14 13:29:12, MOVE, v:1, k:eval1@baruel, mode:EDIT
2026-04-14 13:36:37, MOVE, v:1, k:eval1@baruel, mode:EDIT
2026-04-14 13:41:19, MOVE, v:1, k:eval1@baruel, mode:EDIT
2026-04-14 13:46:33, MOVE, v:1, k:eval1@baruel, mode:EDIT
2026-04-14 13:51:42, MOVE, v:1, k:eval1@baruel, mode:EDIT
2026-04-14 13:55:06, MOVE, v:1, k:eval1@baruel, mode:PICK
2026-04-14 13:55:09, EXEC, v:1, k:eval1@baruel, mode:FULL, rate:0, size:62
2026-04-14 13:56:42, MOVE, v:1, k:eval1@baruel, mode:EDIT
2026-04-14 13:55:09, MOVE, v:1, k:eval1@baruel, mode:EDIT
2026-04-14 13:57:13, EXEC, v:1, k:eval1@baruel, mode:FULL, rate:0, size:62
2026-04-14 13:57:49, EXEC, v:1, k:eval1@baruel, mode:FULL, rate:0, size:62
2026-04-14 14:00:46, EXEC, v:1, k:eval1@baruel, mode:FULL, rate:0, size:62
2026-04-14 14:00:46, MOVE, v:1, k:eval1@baruel, mode:EDIT
2026-04-14 14:00:56, MOVE, v:1, k:eval1@baruel, mode:EDIT
2026-04-14 14:02:54, EXEC, v:1, k:eval1@baruel, mode:FULL, rate:0, size:62
2026-04-14 14:03:25, EXEC, v:1, k:eval1@baruel, mode:FULL, rate:0, size:62
2026-04-14 14:05:37, EXEC, v:1, k:eval1@baruel, mode:FULL, rate:0, size:64
2026-04-14 14:06:29, MOVE, v:1, k:eval1@baruel, mode:EDIT
2026-04-14 14:05:37, MOVE, v:1, k:eval1@baruel, mode:EDIT
2026-04-14 14:07:41, EXEC, v:1, k:eval1@baruel, mode:FULL, rate:0, size:65
2026-04-14 14:07:56, EXEC, v:1, k:eval1@baruel, mode:FULL, rate:0, size:64
2026-04-14 14:08:11, EXEC, v:1, k:eval1@baruel, mode:FULL, rate:0, size:65
2026-04-14 14:09:19, MOVE, v:1, k:eval1@baruel, mode:PICK
2026-04-14 14:09:20, EXEC, v:1, k:eval1@baruel, mode:FULL, rate:0, size:64
2026-04-14 14:10:52, EXEC, v:1, k:eval1@baruel, mode:FULL, rate:0, size:65
2026-04-14 14:11:16, EXEC, v:1, k:eval1@baruel, mode:FULL, rate:0, size:65
2026-04-14 14:11:49, EXEC, v:1, k:eval1@baruel, mode:FULL, rate:0, size:67
2026-04-14 14:11:47, MOVE, v:1, k:eval1@baruel, mode:EDIT
2026-04-14 14:11:49, MOVE, v:1, k:eval1@baruel, mode:EDIT
2026-04-14 14:17:50, EXEC, v:1, k:eval1@baruel, mode:FULL, rate:0, size:66
2026-04-14 14:18:23, MOVE, v:1, k:eval1@baruel, mode:EDIT
2026-04-14 14:17:50, MOVE, v:1, k:eval1@baruel, mode:EDIT
2026-04-14 14:18:29, EXEC, v:1, k:eval1@baruel, mode:FULL, rate:0, size:66
2026-04-14 14:19:43, EXEC, v:1, k:eval1@baruel, mode:FULL, rate:0, size:66
2026-04-14 14:19:52, EXEC, v:1, k:eval1@baruel, mode:FULL, rate:0, size:66
2026-04-14 14:20:03, EXEC, v:1, k:eval1@baruel, mode:FULL, rate:0, size:66
2026-04-14 14:20:10, EXEC, v:1, k:eval1@baruel, mode:FULL, rate:0, size:66
2026-04-14 14:20:35, EXEC, v:1, k:eval1@baruel, mode:FULL, rate:0, size:65
2026-04-14 14:20:41, EXEC, v:1, k:eval1@baruel, mode:FULL, rate:0
2026-04-14 14:21:08, EXEC, v:1, k:eval1@baruel, mode:FULL, rate:0, size:66
2026-04-14 14:22:49, EXEC, v:1, k:eval1@baruel, mode:FULL, rate:0, size:66
2026-04-14 14:23:17, EXEC, v:1, k:eval1@baruel, mode:FULL, rate:0, size:67
2026-04-14 14:23:21, MOVE, v:1, k:eval1@baruel, mode:EDIT
2026-04-14 14:23:17, MOVE, v:1, k:eval1@baruel, mode:EDIT
2026-04-14 14:23:36, EXEC, v:1, k:eval1@baruel, mode:FULL, rate:0, size:67
2026-04-14 14:23:37, EXEC, v:1, k:eval1@baruel, mode:FULL, rate:0
2026-04-14 14:24:15, EXEC, v:1, k:eval1@baruel, mode:FULL, rate:0, size:68
2026-04-14 14:24:24, EXEC, v:1, k:eval1@baruel, mode:FULL, rate:0, size:68
2026-04-14 14:24:40, EXEC, v:1, k:eval1@baruel, mode:FULL, rate:0, size:68
2026-04-14 14:24:57, EXEC, v:1, k:eval1@baruel, mode:FULL, rate:0, size:68
2026-04-14 14:25:08, EXEC, v:1, k:eval1@baruel, mode:FULL, rate:0, size:67
2026-04-14 14:26:19, EXEC, v:1, k:eval1@baruel, mode:FULL, rate:0, size:67
2026-04-14 14:27:14, MOVE, v:1, k:eval1@baruel, mode:BACK
2026-04-14 14:27:32, MOVE, v:1, k:eval1@casais, mode:DOWN
2026-04-14 14:26:19, MOVE, v:1, k:eval1@baruel, mode:EDIT
2026-04-14 14:25:57, MOVE, v:1, k:eval1@baruel, mode:EDIT
2026-04-14 14:27:32, MOVE, v:1, k:eval1@casais, mode:EDIT
2026-04-14 14:27:32, MOVE, v:1, k:eval1@casais, mode:EDIT
2026-04-14 14:27:47, MOVE, v:1, k:eval1@casais, mode:EDIT
2026-04-14 14:30:31, MOVE, v:1, k:eval1@apagando, mode:DOWN
2026-04-14 14:30:32, MOVE, v:1, k:eval1@apagando, mode:PICK
2026-04-14 14:30:31, MOVE, v:1, k:eval1@apagando, mode:EDIT
2026-04-14 14:30:31, MOVE, v:1, k:eval1@apagando, mode:EDIT
2026-04-14 14:32:39, MOVE, v:1, k:eval1@apagando, mode:EDIT
2026-04-14 14:35:00, MOVE, v:1, k:eval1@apagando, mode:EDIT
2026-04-14 14:42:25, MOVE, v:1, k:eval1@apagando, mode:BACK
2026-04-14 14:42:44, MOVE, v:1, k:eval1@triangulo, mode:DOWN
2026-04-14 14:42:44, MOVE, v:1, k:eval1@triangulo, mode:EDIT
2026-04-14 14:42:44, MOVE, v:1, k:eval1@triangulo, mode:EDIT
2026-04-14 14:47:29, MOVE, v:1, k:eval1@triangulo, mode:EDIT
2026-04-14 14:47:46, MOVE, v:1, k:eval1@triangulo, mode:PICK
2026-04-14 14:47:47, EXEC, v:1, k:eval1@triangulo, mode:FULL, rate:0, size:58
2026-04-14 14:50:01, MOVE, v:1, k:eval1@triangulo, mode:BACK
2026-04-14 14:50:02, MOVE, v:1, k:eval1@triangulo, mode:PICK
2026-04-14 14:50:03, MOVE, v:1, k:eval1@triangulo, mode:BACK
2026-04-14 14:50:22, MOVE, v:1, k:eval1@triangulo, mode:PICK
2026-04-14 14:50:23, EXEC, v:1, k:eval1@triangulo, mode:FULL, rate:0, size:58
2026-04-14 14:50:23, MOVE, v:1, k:eval1@triangulo, mode:EDIT
2026-04-14 14:49:50, MOVE, v:1, k:eval1@triangulo, mode:EDIT
